<?xml version="1.0" encoding="UTF-8"?>
<coverage generated="1746011036906" clover="3.2.0">
  <project timestamp="1746011036906" name="All files">
    <metrics statements="51" coveredstatements="51" conditionals="24" coveredconditionals="24" methods="20" coveredmethods="20" elements="95" coveredelements="95" complexity="0" loc="51" ncloc="51" packages="2" files="7" classes="7"/>
    <package name="src">
      <metrics statements="20" coveredstatements="20" conditionals="2" coveredconditionals="2" methods="7" coveredmethods="7"/>
      <file name="App.jsx" path="/Users/nicovece/Documents/careerfoundry/happenly/src/App.jsx">
        <metrics statements="13" coveredstatements="13" conditionals="2" coveredconditionals="2" methods="4" coveredmethods="4"/>
        <line num="9" count="11" type="stmt"/>
        <line num="10" count="11" type="stmt"/>
        <line num="11" count="11" type="stmt"/>
        <line num="12" count="11" type="stmt"/>
        <line num="14" count="11" type="stmt"/>
        <line num="15" count="7" type="stmt"/>
        <line num="18" count="11" type="stmt"/>
        <line num="19" count="7" type="stmt"/>
        <line num="21" count="7" type="cond" truecount="2" falsecount="0"/>
        <line num="23" count="35" type="stmt"/>
        <line num="24" count="7" type="stmt"/>
        <line num="25" count="7" type="stmt"/>
        <line num="28" count="11" type="stmt"/>
      </file>
      <file name="api.js" path="/Users/nicovece/Documents/careerfoundry/happenly/src/api.js">
        <metrics statements="6" coveredstatements="6" conditionals="0" coveredconditionals="0" methods="3" coveredmethods="3"/>
        <line num="11" count="4" type="stmt"/>
        <line num="12" count="385" type="stmt"/>
        <line num="13" count="11" type="stmt"/>
        <line num="14" count="11" type="stmt"/>
        <line num="21" count="4" type="stmt"/>
        <line num="22" count="20" type="stmt"/>
      </file>
      <file name="mock-data.js" path="/Users/nicovece/Documents/careerfoundry/happenly/src/mock-data.js">
        <metrics statements="1" coveredstatements="1" conditionals="0" coveredconditionals="0" methods="0" coveredmethods="0"/>
        <line num="3" count="4" type="stmt"/>
      </file>
    </package>
    <package name="src.components">
      <metrics statements="31" coveredstatements="31" conditionals="22" coveredconditionals="22" methods="13" coveredmethods="13"/>
      <file name="CitySearch.jsx" path="/Users/nicovece/Documents/careerfoundry/happenly/src/components/CitySearch.jsx">
        <metrics statements="20" coveredstatements="20" conditionals="6" coveredconditionals="6" methods="7" coveredmethods="7"/>
        <line num="3" count="3" type="stmt"/>
        <line num="4" count="84" type="stmt"/>
        <line num="5" count="84" type="stmt"/>
        <line num="6" count="84" type="stmt"/>
        <line num="7" count="84" type="stmt"/>
        <line num="8" count="37" type="stmt"/>
        <line num="9" count="37" type="cond" truecount="2" falsecount="0"/>
        <line num="11" count="62" type="stmt"/>
        <line num="14" count="37" type="stmt"/>
        <line num="15" count="37" type="stmt"/>
        <line num="18" count="84" type="stmt"/>
        <line num="19" count="2" type="stmt"/>
        <line num="20" count="2" type="stmt"/>
        <line num="21" count="2" type="stmt"/>
        <line num="22" count="2" type="stmt"/>
        <line num="25" count="84" type="stmt"/>
        <line num="26" count="20" type="cond" truecount="2" falsecount="0"/>
        <line num="29" count="84" type="stmt"/>
        <line num="36" count="7" type="stmt"/>
        <line num="42" count="28" type="stmt"/>
      </file>
      <file name="Event.jsx" path="/Users/nicovece/Documents/careerfoundry/happenly/src/components/Event.jsx">
        <metrics statements="4" coveredstatements="4" conditionals="14" coveredconditionals="14" methods="2" coveredmethods="2"/>
        <line num="4" count="4" type="stmt"/>
        <line num="5" count="190" type="stmt"/>
        <line num="7" count="190" type="stmt"/>
        <line num="20" count="3" type="cond" truecount="2" falsecount="0"/>
      </file>
      <file name="EventList.jsx" path="/Users/nicovece/Documents/careerfoundry/happenly/src/components/EventList.jsx">
        <metrics statements="3" coveredstatements="3" conditionals="2" coveredconditionals="2" methods="2" coveredmethods="2"/>
        <line num="3" count="3" type="stmt"/>
        <line num="4" count="14" type="stmt"/>
        <line num="7" count="180" type="stmt"/>
      </file>
      <file name="NumberOfEvents.jsx" path="/Users/nicovece/Documents/careerfoundry/happenly/src/components/NumberOfEvents.jsx">
        <metrics statements="4" coveredstatements="4" conditionals="0" coveredconditionals="0" methods="2" coveredmethods="2"/>
        <line num="3" count="4" type="stmt"/>
        <line num="4" count="18" type="stmt"/>
        <line num="6" count="18" type="stmt"/>
        <line num="13" count="4" type="stmt"/>
      </file>
    </package>
  </project>
</coverage>
