{"/Users/nicovece/Documents/careerfoundry/happenly/src/api.js": {"path":"/Users/nicovece/Documents/careerfoundry/happenly/src/api.js","statementMap":{"0":{"start":{"line":11,"column":32},"end":{"line":15,"column":1}},"1":{"start":{"line":12,"column":29},"end":{"line":12,"column":66}},"2":{"start":{"line":12,"column":51},"end":{"line":12,"column":65}},"3":{"start":{"line":13,"column":20},"end":{"line":13,"column":52}},"4":{"start":{"line":14,"column":2},"end":{"line":14,"column":19}},"5":{"start":{"line":21,"column":25},"end":{"line":23,"column":1}},"6":{"start":{"line":22,"column":2},"end":{"line":22,"column":18}}},"fnMap":{"0":{"name":"(anonymous_0)","decl":{"start":{"line":11,"column":32},"end":{"line":11,"column":33}},"loc":{"start":{"line":11,"column":44},"end":{"line":15,"column":1}},"line":11},"1":{"name":"(anonymous_1)","decl":{"start":{"line":12,"column":40},"end":{"line":12,"column":41}},"loc":{"start":{"line":12,"column":51},"end":{"line":12,"column":65}},"line":12},"2":{"name":"(anonymous_2)","decl":{"start":{"line":21,"column":25},"end":{"line":21,"column":26}},"loc":{"start":{"line":21,"column":37},"end":{"line":23,"column":1}},"line":21}},"branchMap":{},"s":{"0":2,"1":2,"2":70,"3":2,"4":2,"5":2,"6":3},"f":{"0":2,"1":70,"2":3},"b":{},"_coverageSchema":"1a1c01bbd47fc00a2c39e90264f33305004495a9","hash":"7a8fee8f20362fce5533fcdf6967f4907fdf75a1"}
,"/Users/nicovece/Documents/careerfoundry/happenly/src/components/CitySearch.jsx": {"path":"/Users/nicovece/Documents/careerfoundry/happenly/src/components/CitySearch.jsx","statementMap":{"0":{"start":{"line":3,"column":19},"end":{"line":48,"column":1}},"1":{"start":{"line":4,"column":48},"end":{"line":4,"column":63}},"2":{"start":{"line":5,"column":28},"end":{"line":5,"column":40}},"3":{"start":{"line":6,"column":40},"end":{"line":6,"column":52}},"4":{"start":{"line":7,"column":29},"end":{"line":16,"column":3}},"5":{"start":{"line":8,"column":18},"end":{"line":8,"column":36}},"6":{"start":{"line":9,"column":30},"end":{"line":13,"column":10}},"7":{"start":{"line":11,"column":10},"end":{"line":11,"column":74}},"8":{"start":{"line":14,"column":4},"end":{"line":14,"column":20}},"9":{"start":{"line":15,"column":4},"end":{"line":15,"column":38}},"10":{"start":{"line":17,"column":28},"end":{"line":21,"column":3}},"11":{"start":{"line":18,"column":18},"end":{"line":18,"column":42}},"12":{"start":{"line":19,"column":4},"end":{"line":19,"column":20}},"13":{"start":{"line":20,"column":4},"end":{"line":20,"column":30}},"14":{"start":{"line":22,"column":2},"end":{"line":47,"column":4}},"15":{"start":{"line":29,"column":23},"end":{"line":29,"column":47}},"16":{"start":{"line":35,"column":12},"end":{"line":39,"column":14}}},"fnMap":{"0":{"name":"(anonymous_0)","decl":{"start":{"line":3,"column":19},"end":{"line":3,"column":20}},"loc":{"start":{"line":3,"column":41},"end":{"line":48,"column":1}},"line":3},"1":{"name":"(anonymous_1)","decl":{"start":{"line":7,"column":29},"end":{"line":7,"column":30}},"loc":{"start":{"line":7,"column":40},"end":{"line":16,"column":3}},"line":7},"2":{"name":"(anonymous_2)","decl":{"start":{"line":10,"column":28},"end":{"line":10,"column":29}},"loc":{"start":{"line":10,"column":42},"end":{"line":12,"column":9}},"line":10},"3":{"name":"(anonymous_3)","decl":{"start":{"line":17,"column":28},"end":{"line":17,"column":29}},"loc":{"start":{"line":17,"column":39},"end":{"line":21,"column":3}},"line":17},"4":{"name":"(anonymous_4)","decl":{"start":{"line":29,"column":17},"end":{"line":29,"column":18}},"loc":{"start":{"line":29,"column":23},"end":{"line":29,"column":47}},"line":29},"5":{"name":"(anonymous_5)","decl":{"start":{"line":34,"column":27},"end":{"line":34,"column":28}},"loc":{"start":{"line":34,"column":43},"end":{"line":40,"column":11}},"line":34}},"branchMap":{"0":{"loc":{"start":{"line":9,"column":30},"end":{"line":13,"column":10}},"type":"cond-expr","locations":[{"start":{"line":10,"column":8},"end":{"line":12,"column":10}},{"start":{"line":13,"column":8},"end":{"line":13,"column":10}}],"line":9},"1":{"loc":{"start":{"line":32,"column":7},"end":{"line":45,"column":14}},"type":"cond-expr","locations":[{"start":{"line":33,"column":8},"end":{"line":44,"column":13}},{"start":{"line":45,"column":10},"end":{"line":45,"column":14}}],"line":32}},"s":{"0":2,"1":25,"2":25,"3":25,"4":25,"5":12,"6":12,"7":24,"8":12,"9":12,"10":25,"11":1,"12":1,"13":1,"14":25,"15":3,"16":12},"f":{"0":25,"1":12,"2":24,"3":1,"4":3,"5":12},"b":{"0":[12,0],"1":[15,10]},"_coverageSchema":"1a1c01bbd47fc00a2c39e90264f33305004495a9","hash":"cd93c9119f9912b44e8a074cab732c7f0f4b0406"}
,"/Users/nicovece/Documents/careerfoundry/happenly/src/components/EventList.jsx": {"path":"/Users/nicovece/Documents/careerfoundry/happenly/src/components/EventList.jsx","statementMap":{"0":{"start":{"line":3,"column":18},"end":{"line":11,"column":1}},"1":{"start":{"line":4,"column":2},"end":{"line":10,"column":4}},"2":{"start":{"line":7,"column":32},"end":{"line":7,"column":70}}},"fnMap":{"0":{"name":"(anonymous_0)","decl":{"start":{"line":3,"column":18},"end":{"line":3,"column":19}},"loc":{"start":{"line":3,"column":34},"end":{"line":11,"column":1}},"line":3},"1":{"name":"(anonymous_1)","decl":{"start":{"line":7,"column":21},"end":{"line":7,"column":22}},"loc":{"start":{"line":7,"column":32},"end":{"line":7,"column":70}},"line":7}},"branchMap":{"0":{"loc":{"start":{"line":6,"column":7},"end":{"line":8,"column":14}},"type":"cond-expr","locations":[{"start":{"line":7,"column":10},"end":{"line":7,"column":71}},{"start":{"line":8,"column":10},"end":{"line":8,"column":14}}],"line":6}},"s":{"0":2,"1":5,"2":35},"f":{"0":5,"1":35},"b":{"0":[1,4]},"_coverageSchema":"1a1c01bbd47fc00a2c39e90264f33305004495a9","hash":"562e03f6a9ca1923480967246d5cae499e227aa1"}
}
