TN:
SF:src/api.js
FN:11,(anonymous_0)
FN:12,(anonymous_1)
FN:21,(anonymous_2)
FNF:3
FNH:3
FNDA:2,(anonymous_0)
FNDA:70,(anonymous_1)
FNDA:3,(anonymous_2)
DA:11,2
DA:12,70
DA:13,2
DA:14,2
DA:21,2
DA:22,3
LF:6
LH:6
BRF:0
BRH:0
end_of_record
TN:
SF:src/components/CitySearch.jsx
FN:3,(anonymous_0)
FN:7,(anonymous_1)
FN:10,(anonymous_2)
FN:17,(anonymous_3)
FN:29,(anonymous_4)
FN:34,(anonymous_5)
FNF:6
FNH:6
FNDA:25,(anonymous_0)
FNDA:12,(anonymous_1)
FNDA:24,(anonymous_2)
FNDA:1,(anonymous_3)
FNDA:3,(anonymous_4)
FNDA:12,(anonymous_5)
DA:3,2
DA:4,25
DA:5,25
DA:6,25
DA:7,25
DA:8,12
DA:9,12
DA:11,24
DA:14,12
DA:15,12
DA:17,25
DA:18,1
DA:19,1
DA:20,1
DA:22,25
DA:29,3
DA:35,12
LF:17
LH:17
BRDA:9,0,0,12
BRDA:9,0,1,0
BRDA:32,1,0,15
BRDA:32,1,1,10
BRF:4
BRH:3
end_of_record
TN:
SF:src/components/EventList.jsx
FN:3,(anonymous_0)
FN:7,(anonymous_1)
FNF:2
FNH:2
FNDA:5,(anonymous_0)
FNDA:35,(anonymous_1)
DA:3,2
DA:4,5
DA:7,35
LF:3
LH:3
BRDA:6,0,0,1
BRDA:6,0,1,4
BRF:2
BRH:2
end_of_record
